2025-10-27 09:48:23 [INFO] nginx: Service started successfully
2025-10-27 09:51:23 [WARN] jenkins: Restarting service due to config update
2025-10-27 09:54:23 [ERROR] tomcat: Connection refused: retrying in 5 seconds
2025-10-27 09:57:23 [DEBUG] ansible: Pipeline build succeeded
2025-10-27 10:00:23 [INFO] docker: Pipeline build failed: Missing Jenkinsfile
2025-10-27 10:03:23 [WARN] vault: Ansible playbook executed successfully
2025-10-27 10:06:23 [ERROR] gitlab: Deployment triggered from GitLab CI
2025-10-27 10:09:23 [DEBUG] mongodb: Docker image pulled successfully
2025-10-27 10:12:23 [INFO] nginx: Docker container stopped unexpectedly
2025-10-27 10:15:23 [WARN] jenkins: Vault token expired, re-authenticating
2025-10-27 10:18:23 [ERROR] tomcat: Disk usage exceeded 80% threshold
2025-10-27 10:21:23 [DEBUG] ansible: Memory utilization high, scaling instance
2025-10-27 10:24:23 [INFO] docker: New user added to Jenkins
2025-10-27 10:27:23 [WARN] vault: Configuration file updated
2025-10-27 10:30:23 [ERROR] gitlab: Backup completed successfully
2025-10-27 10:33:23 [DEBUG] mongodb: SSL certificate renewed
2025-10-27 10:36:23 [INFO] nginx: Service started successfully
2025-10-27 10:39:23 [WARN] jenkins: Restarting service due to config update
2025-10-27 10:42:23 [ERROR] tomcat: Connection refused: retrying in 5 seconds
2025-10-27 10:45:23 [DEBUG] ansible: Pipeline build succeeded
2025-10-27 10:48:23 [INFO] docker: Pipeline build failed: Missing Jenkinsfile
2025-10-27 10:51:23 [WARN] vault: Ansible playbook executed successfully
2025-10-27 10:54:23 [ERROR] gitlab: Deployment triggered from GitLab CI
2025-10-27 10:57:23 [DEBUG] mongodb: Docker image pulled successfully
2025-10-27 11:00:23 [INFO] nginx: Docker container stopped unexpectedly
2025-10-27 11:03:23 [WARN] jenkins: Vault token expired, re-authenticating
2025-10-27 11:06:23 [ERROR] tomcat: Disk usage exceeded 80% threshold
2025-10-27 11:09:23 [DEBUG] ansible: Memory utilization high, scaling instance
2025-10-27 11:12:23 [INFO] docker: New user added to Jenkins
2025-10-27 11:15:23 [WARN] vault: Configuration file updated
2025-10-27 11:18:23 [ERROR] gitlab: Backup completed successfully
2025-10-27 11:21:23 [DEBUG] mongodb: SSL certificate renewed
2025-10-27 11:24:23 [INFO] nginx: Service started successfully
2025-10-27 11:27:23 [WARN] jenkins: Restarting service due to config update
2025-10-27 11:30:23 [ERROR] tomcat: Connection refused: retrying in 5 seconds
2025-10-27 11:33:23 [DEBUG] ansible: Pipeline build succeeded
2025-10-27 11:36:23 [INFO] docker: Pipeline build failed: Missing Jenkinsfile
2025-10-27 11:39:23 [WARN] vault: Ansible playbook executed successfully
2025-10-27 11:42:23 [ERROR] gitlab: Deployment triggered from GitLab CI
2025-10-27 11:45:23 [DEBUG] mongodb: Docker image pulled successfully
2025-10-27 11:48:23 [INFO] nginx: Docker container stopped unexpectedly
2025-10-27 11:51:23 [WARN] jenkins: Vault token expired, re-authenticating
2025-10-27 11:54:23 [ERROR] tomcat: Disk usage exceeded 80% threshold
2025-10-27 11:57:23 [DEBUG] ansible: Memory utilization high, scaling instance
2025-10-27 12:00:23 [INFO] docker: New user added to Jenkins
2025-10-27 12:03:23 [WARN] vault: Configuration file updated
2025-10-27 12:06:23 [ERROR] gitlab: Backup completed successfully
2025-10-27 12:09:23 [DEBUG] mongodb: SSL certificate renewed
2025-10-27 12:12:23 [INFO] nginx: Service started successfully
2025-10-27 12:15:23 [WARN] jenkins: Restarting service due to config update
2025-10-27 12:18:23 [ERROR] tomcat: Connection refused: retrying in 5 seconds
2025-10-27 12:21:23 [DEBUG] ansible: Pipeline build succeeded
2025-10-27 12:24:23 [INFO] docker: Pipeline build failed: Missing Jenkinsfile
2025-10-27 12:27:23 [WARN] vault: Ansible playbook executed successfully
2025-10-27 12:30:23 [ERROR] gitlab: Deployment triggered from GitLab CI
2025-10-27 12:33:23 [DEBUG] mongodb: Docker image pulled successfully
2025-10-27 12:36:23 [INFO] nginx: Docker container stopped unexpectedly
2025-10-27 12:39:23 [WARN] jenkins: Vault token expired, re-authenticating
2025-10-27 12:42:23 [ERROR] tomcat: Disk usage exceeded 80% threshold
2025-10-27 12:45:23 [DEBUG] ansible: Memory utilization high, scaling instance
2025-10-27 12:48:23 [INFO] docker: New user added to Jenkins
2025-10-27 12:51:23 [WARN] vault: Configuration file updated
2025-10-27 12:54:23 [ERROR] gitlab: Backup completed successfully
2025-10-27 12:57:23 [DEBUG] mongodb: SSL certificate renewed
2025-10-27 13:00:23 [INFO] nginx: Service started successfully
2025-10-27 13:03:23 [WARN] jenkins: Restarting service due to config update
2025-10-27 13:06:23 [ERROR] tomcat: Connection refused: retrying in 5 seconds
2025-10-27 13:09:23 [DEBUG] ansible: Pipeline build succeeded
2025-10-27 13:12:23 [INFO] docker: Pipeline build failed: Missing Jenkinsfile
2025-10-27 13:15:23 [WARN] vault: Ansible playbook executed successfully
2025-10-27 13:18:23 [ERROR] gitlab: Deployment triggered from GitLab CI
2025-10-27 13:21:23 [DEBUG] mongodb: Docker image pulled successfully
2025-10-27 13:24:23 [INFO] nginx: Docker container stopped unexpectedly
2025-10-27 13:27:23 [WARN] jenkins: Vault token expired, re-authenticating
2025-10-27 13:30:23 [ERROR] tomcat: Disk usage exceeded 80% threshold
2025-10-27 13:33:23 [DEBUG] ansible: Memory utilization high, scaling instance
2025-10-27 13:36:23 [INFO] docker: New user added to Jenkins
2025-10-27 13:39:23 [WARN] vault: Configuration file updated
2025-10-27 13:42:23 [ERROR] gitlab: Backup completed successfully
2025-10-27 13:45:23 [DEBUG] mongodb: SSL certificate renewed
2025-10-27 13:48:23 [INFO] nginx: Service started successfully
2025-10-27 13:51:23 [WARN] jenkins: Restarting service due to config update
2025-10-27 13:54:23 [ERROR] tomcat: Connection refused: retrying in 5 seconds
2025-10-27 13:57:23 [DEBUG] ansible: Pipeline build succeeded
2025-10-27 14:00:23 [INFO] docker: Pipeline build failed: Missing Jenkinsfile
2025-10-27 14:03:23 [WARN] vault: Ansible playbook executed successfully
2025-10-27 14:06:23 [ERROR] gitlab: Deployment triggered from GitLab CI
2025-10-27 14:09:23 [DEBUG] mongodb: Docker image pulled successfully
2025-10-27 14:12:23 [INFO] nginx: Docker container stopped unexpectedly
2025-10-27 14:15:23 [WARN] jenkins: Vault token expired, re-authenticating
2025-10-27 14:18:23 [ERROR] tomcat: Disk usage exceeded 80% threshold
2025-10-27 14:21:23 [DEBUG] ansible: Memory utilization high, scaling instance
2025-10-27 14:24:23 [INFO] docker: New user added to Jenkins
2025-10-27 14:27:23 [WARN] vault: Configuration file updated
2025-10-27 14:30:23 [ERROR] gitlab: Backup completed successfully
2025-10-27 14:33:23 [DEBUG] mongodb: SSL certificate renewed
2025-10-27 14:36:23 [INFO] nginx: Service started successfully
2025-10-27 14:39:23 [WARN] jenkins: Restarting service due to config update
2025-10-27 14:42:23 [ERROR] tomcat: Connection refused: retrying in 5 seconds
2025-10-27 14:45:23 [DEBUG] ansible: Pipeline build succeeded
2025-10-27 14:48:23 [INFO] docker: Pipeline build failed: Missing Jenkinsfile
2025-10-27 14:51:23 [WARN] vault: Ansible playbook executed successfully
2025-10-27 14:54:23 [ERROR] gitlab: Deployment triggered from GitLab CI
2025-10-27 14:57:23 [DEBUG] mongodb: Docker image pulled successfully
2025-10-27 15:00:23 [INFO] nginx: Docker container stopped unexpectedly
2025-10-27 15:03:23 [WARN] jenkins: Vault token expired, re-authenticating
2025-10-27 15:06:23 [ERROR] tomcat: Disk usage exceeded 80% threshold
2025-10-27 15:09:23 [DEBUG] ansible: Memory utilization high, scaling instance
2025-10-27 15:12:23 [INFO] docker: New user added to Jenkins
2025-10-27 15:15:23 [WARN] vault: Configuration file updated
2025-10-27 15:18:23 [ERROR] gitlab: Backup completed successfully
2025-10-27 15:21:23 [DEBUG] mongodb: SSL certificate renewed
2025-10-27 15:24:23 [INFO] nginx: Service started successfully
2025-10-27 15:27:23 [WARN] jenkins: Restarting service due to config update
2025-10-27 15:30:23 [ERROR] tomcat: Connection refused: retrying in 5 seconds
2025-10-27 15:33:23 [DEBUG] ansible: Pipeline build succeeded
2025-10-27 15:36:23 [INFO] docker: Pipeline build failed: Missing Jenkinsfile
2025-10-27 15:39:23 [WARN] vault: Ansible playbook executed successfully
2025-10-27 15:42:23 [ERROR] gitlab: Deployment triggered from GitLab CI
2025-10-27 15:45:23 [DEBUG] mongodb: Docker image pulled successfully
2025-10-27 15:48:23 [INFO] nginx: Docker container stopped unexpectedly
2025-10-27 15:51:23 [WARN] jenkins: Vault token expired, re-authenticating
2025-10-27 15:54:23 [ERROR] tomcat: Disk usage exceeded 80% threshold
2025-10-27 15:57:23 [DEBUG] ansible: Memory utilization high, scaling instance
2025-10-27 16:00:23 [INFO] docker: New user added to Jenkins
2025-10-27 16:03:23 [WARN] vault: Configuration file updated
2025-10-27 16:06:23 [ERROR] gitlab: Backup completed successfully
2025-10-27 16:09:23 [DEBUG] mongodb: SSL certificate renewed
2025-10-27 16:12:23 [INFO] nginx: Service started successfully
2025-10-27 16:15:23 [WARN] jenkins: Restarting service due to config update
2025-10-27 16:18:23 [ERROR] tomcat: Connection refused: retrying in 5 seconds
2025-10-27 16:21:23 [DEBUG] ansible: Pipeline build succeeded
2025-10-27 16:24:23 [INFO] docker: Pipeline build failed: Missing Jenkinsfile
2025-10-27 16:27:23 [WARN] vault: Ansible playbook executed successfully
2025-10-27 16:30:23 [ERROR] gitlab: Deployment triggered from GitLab CI
2025-10-27 16:33:23 [DEBUG] mongodb: Docker image pulled successfully
2025-10-27 16:36:23 [INFO] nginx: Docker container stopped unexpectedly
2025-10-27 16:39:23 [WARN] jenkins: Vault token expired, re-authenticating
2025-10-27 16:42:23 [ERROR] tomcat: Disk usage exceeded 80% threshold
2025-10-27 16:45:23 [DEBUG] ansible: Memory utilization high, scaling instance
2025-10-27 16:48:23 [INFO] docker: New user added to Jenkins
2025-10-27 16:51:23 [WARN] vault: Configuration file updated
2025-10-27 16:54:23 [ERROR] gitlab: Backup completed successfully
2025-10-27 16:57:23 [DEBUG] mongodb: SSL certificate renewed
2025-10-27 17:00:23 [INFO] nginx: Service started successfully
2025-10-27 17:03:23 [WARN] jenkins: Restarting service due to config update
2025-10-27 17:06:23 [ERROR] tomcat: Connection refused: retrying in 5 seconds
2025-10-27 17:09:23 [DEBUG] ansible: Pipeline build succeeded
2025-10-27 17:12:23 [INFO] docker: Pipeline build failed: Missing Jenkinsfile
2025-10-27 17:15:23 [WARN] vault: Ansible playbook executed successfully
2025-10-27 17:18:23 [ERROR] gitlab: Deployment triggered from GitLab CI
2025-10-27 17:21:23 [DEBUG] mongodb: Docker image pulled successfully
2025-10-27 17:24:23 [INFO] nginx: Docker container stopped unexpectedly
2025-10-27 17:27:23 [WARN] jenkins: Vault token expired, re-authenticating
2025-10-27 17:30:23 [ERROR] tomcat: Disk usage exceeded 80% threshold
2025-10-27 17:33:23 [DEBUG] ansible: Memory utilization high, scaling instance
2025-10-27 17:36:23 [INFO] docker: New user added to Jenkins
2025-10-27 17:39:23 [WARN] vault: Configuration file updated
2025-10-27 17:42:23 [ERROR] gitlab: Backup completed successfully
2025-10-27 17:45:23 [DEBUG] mongodb: SSL certificate renewed
2025-10-27 17:48:23 [INFO] nginx: Service started successfully
2025-10-27 17:51:23 [WARN] jenkins: Restarting service due to config update
2025-10-27 17:54:23 [ERROR] tomcat: Connection refused: retrying in 5 seconds
2025-10-27 17:57:23 [DEBUG] ansible: Pipeline build succeeded
2025-10-27 18:00:23 [INFO] docker: Pipeline build failed: Missing Jenkinsfile
2025-10-27 18:03:23 [WARN] vault: Ansible playbook executed successfully
2025-10-27 18:06:23 [ERROR] gitlab: Deployment triggered from GitLab CI
2025-10-27 18:09:23 [DEBUG] mongodb: Docker image pulled successfully
2025-10-27 18:12:23 [INFO] nginx: Docker container stopped unexpectedly
2025-10-27 18:15:23 [WARN] jenkins: Vault token expired, re-authenticating
2025-10-27 18:18:23 [ERROR] tomcat: Disk usage exceeded 80% threshold
2025-10-27 18:21:23 [DEBUG] ansible: Memory utilization high, scaling instance
2025-10-27 18:24:23 [INFO] docker: New user added to Jenkins
2025-10-27 18:27:23 [WARN] vault: Configuration file updated
2025-10-27 18:30:23 [ERROR] gitlab: Backup completed successfully
2025-10-27 18:33:23 [DEBUG] mongodb: SSL certificate renewed
2025-10-27 18:36:23 [INFO] nginx: Service started successfully
2025-10-27 18:39:23 [WARN] jenkins: Restarting service due to config update
2025-10-27 18:42:23 [ERROR] tomcat: Connection refused: retrying in 5 seconds
2025-10-27 18:45:23 [DEBUG] ansible: Pipeline build succeeded
2025-10-27 18:48:23 [INFO] docker: Pipeline build failed: Missing Jenkinsfile
2025-10-27 18:51:23 [WARN] vault: Ansible playbook executed successfully
2025-10-27 18:54:23 [ERROR] gitlab: Deployment triggered from GitLab CI
2025-10-27 18:57:23 [DEBUG] mongodb: Docker image pulled successfully
2025-10-27 19:00:23 [INFO] nginx: Docker container stopped unexpectedly
2025-10-27 19:03:23 [WARN] jenkins: Vault token expired, re-authenticating
2025-10-27 19:06:23 [ERROR] tomcat: Disk usage exceeded 80% threshold
2025-10-27 19:09:23 [DEBUG] ansible: Memory utilization high, scaling instance
2025-10-27 19:12:23 [INFO] docker: New user added to Jenkins
2025-10-27 19:15:23 [WARN] vault: Configuration file updated
2025-10-27 19:18:23 [ERROR] gitlab: Backup completed successfully
2025-10-27 19:21:23 [DEBUG] mongodb: SSL certificate renewed
2025-10-27 19:24:23 [INFO] nginx: Service started successfully
2025-10-27 19:27:23 [WARN] jenkins: Restarting service due to config update
2025-10-27 19:30:23 [ERROR] tomcat: Connection refused: retrying in 5 seconds
2025-10-27 19:33:23 [DEBUG] ansible: Pipeline build succeeded
2025-10-27 19:36:23 [INFO] docker: Pipeline build failed: Missing Jenkinsfile
2025-10-27 19:39:23 [WARN] vault: Ansible playbook executed successfully
2025-10-27 19:42:23 [ERROR] gitlab: Deployment triggered from GitLab CI
2025-10-27 19:45:23 [DEBUG] mongodb: Docker image pulled successfully
2025-10-27 19:48:23 [INFO] nginx: Docker container stopped unexpectedly
2025-10-27 19:51:23 [WARN] jenkins: Vault token expired, re-authenticating
2025-10-27 19:54:23 [ERROR] tomcat: Disk usage exceeded 80% threshold
2025-10-27 19:57:23 [DEBUG] ansible: Memory utilization high, scaling instance
2025-10-27 20:00:23 [INFO] docker: New user added to Jenkins
2025-10-27 20:03:23 [WARN] vault: Configuration file updated
2025-10-27 20:06:23 [ERROR] gitlab: Backup completed successfully
2025-10-27 20:09:23 [DEBUG] mongodb: SSL certificate renewed
2025-10-27 20:12:23 [INFO] nginx: Service started successfully
2025-10-27 20:15:23 [WARN] jenkins: Restarting service due to config update
2025-10-27 20:18:23 [ERROR] tomcat: Connection refused: retrying in 5 seconds
2025-10-27 20:21:23 [DEBUG] ansible: Pipeline build succeeded
2025-10-27 20:24:23 [INFO] docker: Pipeline build failed: Missing Jenkinsfile
2025-10-27 20:27:23 [WARN] vault: Ansible playbook executed successfully
2025-10-27 20:30:23 [ERROR] gitlab: Deployment triggered from GitLab CI
2025-10-27 20:33:23 [DEBUG] mongodb: Docker image pulled successfully
2025-10-27 20:36:23 [INFO] nginx: Docker container stopped unexpectedly
2025-10-27 20:39:23 [WARN] jenkins: Vault token expired, re-authenticating
2025-10-27 20:42:23 [ERROR] tomcat: Disk usage exceeded 80% threshold
2025-10-27 20:45:23 [DEBUG] ansible: Memory utilization high, scaling instance
2025-10-27 20:48:23 [INFO] docker: New user added to Jenkins
2025-10-27 20:51:23 [WARN] vault: Configuration file updated
2025-10-27 20:54:23 [ERROR] gitlab: Backup completed successfully
2025-10-27 20:57:23 [DEBUG] mongodb: SSL certificate renewed
2025-10-27 21:00:23 [INFO] nginx: Service started successfully
2025-10-27 21:03:23 [WARN] jenkins: Restarting service due to config update
2025-10-27 21:06:23 [ERROR] tomcat: Connection refused: retrying in 5 seconds
2025-10-27 21:09:23 [DEBUG] ansible: Pipeline build succeeded
2025-10-27 21:12:23 [INFO] docker: Pipeline build failed: Missing Jenkinsfile
2025-10-27 21:15:23 [WARN] vault: Ansible playbook executed successfully
2025-10-27 21:18:23 [ERROR] gitlab: Deployment triggered from GitLab CI
2025-10-27 21:21:23 [DEBUG] mongodb: Docker image pulled successfully
2025-10-27 21:24:23 [INFO] nginx: Docker container stopped unexpectedly
2025-10-27 21:27:23 [WARN] jenkins: Vault token expired, re-authenticating
2025-10-27 21:30:23 [ERROR] tomcat: Disk usage exceeded 80% threshold
2025-10-27 21:33:23 [DEBUG] ansible: Memory utilization high, scaling instance
2025-10-27 21:36:23 [INFO] docker: New user added to Jenkins
2025-10-27 21:39:23 [WARN] vault: Configuration file updated
2025-10-27 21:42:23 [ERROR] gitlab: Backup completed successfully
2025-10-27 21:45:23 [DEBUG] mongodb: SSL certificate renewed
2025-10-27 21:48:23 [INFO] nginx: Service started successfully
2025-10-27 21:51:23 [WARN] jenkins: Restarting service due to config update
2025-10-27 21:54:23 [ERROR] tomcat: Connection refused: retrying in 5 seconds
2025-10-27 21:57:23 [DEBUG] ansible: Pipeline build succeeded
2025-10-27 22:00:23 [INFO] docker: Pipeline build failed: Missing Jenkinsfile
2025-10-27 22:03:23 [WARN] vault: Ansible playbook executed successfully
2025-10-27 22:06:23 [ERROR] gitlab: Deployment triggered from GitLab CI
2025-10-27 22:09:23 [DEBUG] mongodb: Docker image pulled successfully
2025-10-27 22:12:23 [INFO] nginx: Docker container stopped unexpectedly
2025-10-27 22:15:23 [WARN] jenkins: Vault token expired, re-authenticating
2025-10-27 22:18:23 [ERROR] tomcat: Disk usage exceeded 80% threshold
2025-10-27 22:21:23 [DEBUG] ansible: Memory utilization high, scaling instance
2025-10-27 22:24:23 [INFO] docker: New user added to Jenkins
2025-10-27 22:27:23 [WARN] vault: Configuration file updated
2025-10-27 22:30:23 [ERROR] gitlab: Backup completed successfully
2025-10-27 22:33:23 [DEBUG] mongodb: SSL certificate renewed
2025-10-27 22:36:23 [INFO] nginx: Service started successfully
2025-10-27 22:39:23 [WARN] jenkins: Restarting service due to config update
2025-10-27 22:42:23 [ERROR] tomcat: Connection refused: retrying in 5 seconds
2025-10-27 22:45:23 [DEBUG] ansible: Pipeline build succeeded
2025-10-27 22:48:23 [INFO] docker: Pipeline build failed: Missing Jenkinsfile
2025-10-27 22:51:23 [WARN] vault: Ansible playbook executed successfully
2025-10-27 22:54:23 [ERROR] gitlab: Deployment triggered from GitLab CI
2025-10-27 22:57:23 [DEBUG] mongodb: Docker image pulled successfully
2025-10-27 23:00:23 [INFO] nginx: Docker container stopped unexpectedly
2025-10-27 23:03:23 [WARN] jenkins: Vault token expired, re-authenticating
2025-10-27 23:06:23 [ERROR] tomcat: Disk usage exceeded 80% threshold
2025-10-27 23:09:23 [DEBUG] ansible: Memory utilization high, scaling instance
2025-10-27 23:12:23 [INFO] docker: New user added to Jenkins
2025-10-27 23:15:23 [WARN] vault: Configuration file updated
2025-10-27 23:18:23 [ERROR] gitlab: Backup completed successfully
2025-10-27 23:21:23 [DEBUG] mongodb: SSL certificate renewed
2025-10-27 23:24:23 [INFO] nginx: Service started successfully
2025-10-27 23:27:23 [WARN] jenkins: Restarting service due to config update
2025-10-27 23:30:23 [ERROR] tomcat: Connection refused: retrying in 5 seconds
2025-10-27 23:33:23 [DEBUG] ansible: Pipeline build succeeded
2025-10-27 23:36:23 [INFO] docker: Pipeline build failed: Missing Jenkinsfile
2025-10-27 23:39:23 [WARN] vault: Ansible playbook executed successfully
2025-10-27 23:42:23 [ERROR] gitlab: Deployment triggered from GitLab CI
2025-10-27 23:45:23 [DEBUG] mongodb: Docker image pulled successfully
2025-10-27 23:48:23 [INFO] nginx: Docker container stopped unexpectedly
2025-10-27 23:51:23 [WARN] jenkins: Vault token expired, re-authenticating
2025-10-27 23:54:23 [ERROR] tomcat: Disk usage exceeded 80% threshold
2025-10-27 23:57:23 [DEBUG] ansible: Memory utilization high, scaling instance
2025-10-28 00:00:23 [INFO] docker: New user added to Jenkins
2025-10-28 00:03:23 [WARN] vault: Configuration file updated
2025-10-28 00:06:23 [ERROR] gitlab: Backup completed successfully
2025-10-28 00:09:23 [DEBUG] mongodb: SSL certificate renewed
2025-10-28 00:12:23 [INFO] nginx: Service started successfully
2025-10-28 00:15:23 [WARN] jenkins: Restarting service due to config update
2025-10-28 00:18:23 [ERROR] tomcat: Connection refused: retrying in 5 seconds
2025-10-28 00:21:23 [DEBUG] ansible: Pipeline build succeeded
2025-10-28 00:24:23 [INFO] docker: Pipeline build failed: Missing Jenkinsfile
2025-10-28 00:27:23 [WARN] vault: Ansible playbook executed successfully
2025-10-28 00:30:23 [ERROR] gitlab: Deployment triggered from GitLab CI
2025-10-28 00:33:23 [DEBUG] mongodb: Docker image pulled successfully
2025-10-28 00:36:23 [INFO] nginx: Docker container stopped unexpectedly
2025-10-28 00:39:23 [WARN] jenkins: Vault token expired, re-authenticating
2025-10-28 00:42:23 [ERROR] tomcat: Disk usage exceeded 80% threshold
2025-10-28 00:45:23 [DEBUG] ansible: Memory utilization high, scaling instance
2025-10-28 00:48:23 [INFO] docker: New user added to Jenkins
2025-10-28 00:51:23 [WARN] vault: Configuration file updated
2025-10-28 00:54:23 [ERROR] gitlab: Backup completed successfully
2025-10-28 00:57:23 [DEBUG] mongodb: SSL certificate renewed
2025-10-28 01:00:23 [INFO] nginx: Service started successfully
2025-10-28 01:03:23 [WARN] jenkins: Restarting service due to config update
2025-10-28 01:06:23 [ERROR] tomcat: Connection refused: retrying in 5 seconds
2025-10-28 01:09:23 [DEBUG] ansible: Pipeline build succeeded
2025-10-28 01:12:23 [INFO] docker: Pipeline build failed: Missing Jenkinsfile
2025-10-28 01:15:23 [WARN] vault: Ansible playbook executed successfully
2025-10-28 01:18:23 [ERROR] gitlab: Deployment triggered from GitLab CI
2025-10-28 01:21:23 [DEBUG] mongodb: Docker image pulled successfully
2025-10-28 01:24:23 [INFO] nginx: Docker container stopped unexpectedly
2025-10-28 01:27:23 [WARN] jenkins: Vault token expired, re-authenticating
2025-10-28 01:30:23 [ERROR] tomcat: Disk usage exceeded 80% threshold
2025-10-28 01:33:23 [DEBUG] ansible: Memory utilization high, scaling instance
2025-10-28 01:36:23 [INFO] docker: New user added to Jenkins
2025-10-28 01:39:23 [WARN] vault: Configuration file updated
2025-10-28 01:42:23 [ERROR] gitlab: Backup completed successfully
2025-10-28 01:45:23 [DEBUG] mongodb: SSL certificate renewed
2025-10-28 01:48:23 [INFO] nginx: Service started successfully
2025-10-28 01:51:23 [WARN] jenkins: Restarting service due to config update
2025-10-28 01:54:23 [ERROR] tomcat: Connection refused: retrying in 5 seconds
2025-10-28 01:57:23 [DEBUG] ansible: Pipeline build succeeded
2025-10-28 02:00:23 [INFO] docker: Pipeline build failed: Missing Jenkinsfile
2025-10-28 02:03:23 [WARN] vault: Ansible playbook executed successfully
2025-10-28 02:06:23 [ERROR] gitlab: Deployment triggered from GitLab CI
2025-10-28 02:09:23 [DEBUG] mongodb: Docker image pulled successfully
2025-10-28 02:12:23 [INFO] nginx: Docker container stopped unexpectedly
2025-10-28 02:15:23 [WARN] jenkins: Vault token expired, re-authenticating
2025-10-28 02:18:23 [ERROR] tomcat: Disk usage exceeded 80% threshold
2025-10-28 02:21:23 [DEBUG] ansible: Memory utilization high, scaling instance
2025-10-28 02:24:23 [INFO] docker: New user added to Jenkins
2025-10-28 02:27:23 [WARN] vault: Configuration file updated
2025-10-28 02:30:23 [ERROR] gitlab: Backup completed successfully
2025-10-28 02:33:23 [DEBUG] mongodb: SSL certificate renewed
2025-10-28 02:36:23 [INFO] nginx: Service started successfully
2025-10-28 02:39:23 [WARN] jenkins: Restarting service due to config update
2025-10-28 02:42:23 [ERROR] tomcat: Connection refused: retrying in 5 seconds
2025-10-28 02:45:23 [DEBUG] ansible: Pipeline build succeeded
2025-10-28 02:48:23 [INFO] docker: Pipeline build failed: Missing Jenkinsfile
2025-10-28 02:51:23 [WARN] vault: Ansible playbook executed successfully
2025-10-28 02:54:23 [ERROR] gitlab: Deployment triggered from GitLab CI
2025-10-28 02:57:23 [DEBUG] mongodb: Docker image pulled successfully
2025-10-28 03:00:23 [INFO] nginx: Docker container stopped unexpectedly
2025-10-28 03:03:23 [WARN] jenkins: Vault token expired, re-authenticating
2025-10-28 03:06:23 [ERROR] tomcat: Disk usage exceeded 80% threshold
2025-10-28 03:09:23 [DEBUG] ansible: Memory utilization high, scaling instance
2025-10-28 03:12:23 [INFO] docker: New user added to Jenkins
2025-10-28 03:15:23 [WARN] vault: Configuration file updated
2025-10-28 03:18:23 [ERROR] gitlab: Backup completed successfully
2025-10-28 03:21:23 [DEBUG] mongodb: SSL certificate renewed
2025-10-28 03:24:23 [INFO] nginx: Service started successfully
2025-10-28 03:27:23 [WARN] jenkins: Restarting service due to config update
2025-10-28 03:30:23 [ERROR] tomcat: Connection refused: retrying in 5 seconds
2025-10-28 03:33:23 [DEBUG] ansible: Pipeline build succeeded
2025-10-28 03:36:23 [INFO] docker: Pipeline build failed: Missing Jenkinsfile
2025-10-28 03:39:23 [WARN] vault: Ansible playbook executed successfully
2025-10-28 03:42:23 [ERROR] gitlab: Deployment triggered from GitLab CI
2025-10-28 03:45:23 [DEBUG] mongodb: Docker image pulled successfully
2025-10-28 03:48:23 [INFO] nginx: Docker container stopped unexpectedly
2025-10-28 03:51:23 [WARN] jenkins: Vault token expired, re-authenticating
2025-10-28 03:54:23 [ERROR] tomcat: Disk usage exceeded 80% threshold
2025-10-28 03:57:23 [DEBUG] ansible: Memory utilization high, scaling instance
2025-10-28 04:00:23 [INFO] docker: New user added to Jenkins
2025-10-28 04:03:23 [WARN] vault: Configuration file updated
2025-10-28 04:06:23 [ERROR] gitlab: Backup completed successfully
2025-10-28 04:09:23 [DEBUG] mongodb: SSL certificate renewed
2025-10-28 04:12:23 [INFO] nginx: Service started successfully
2025-10-28 04:15:23 [WARN] jenkins: Restarting service due to config update
2025-10-28 04:18:23 [ERROR] tomcat: Connection refused: retrying in 5 seconds
2025-10-28 04:21:23 [DEBUG] ansible: Pipeline build succeeded
2025-10-28 04:24:23 [INFO] docker: Pipeline build failed: Missing Jenkinsfile
2025-10-28 04:27:23 [WARN] vault: Ansible playbook executed successfully
2025-10-28 04:30:23 [ERROR] gitlab: Deployment triggered from GitLab CI
2025-10-28 04:33:23 [DEBUG] mongodb: Docker image pulled successfully
2025-10-28 04:36:23 [INFO] nginx: Docker container stopped unexpectedly
2025-10-28 04:39:23 [WARN] jenkins: Vault token expired, re-authenticating
2025-10-28 04:42:23 [ERROR] tomcat: Disk usage exceeded 80% threshold
2025-10-28 04:45:23 [DEBUG] ansible: Memory utilization high, scaling instance
2025-10-28 04:48:23 [INFO] docker: New user added to Jenkins
2025-10-28 04:51:23 [WARN] vault: Configuration file updated
2025-10-28 04:54:23 [ERROR] gitlab: Backup completed successfully
2025-10-28 04:57:23 [DEBUG] mongodb: SSL certificate renewed
2025-10-28 05:00:23 [INFO] nginx: Service started successfully
2025-10-28 05:03:23 [WARN] jenkins: Restarting service due to config update
2025-10-28 05:06:23 [ERROR] tomcat: Connection refused: retrying in 5 seconds
2025-10-28 05:09:23 [DEBUG] ansible: Pipeline build succeeded
2025-10-28 05:12:23 [INFO] docker: Pipeline build failed: Missing Jenkinsfile
2025-10-28 05:15:23 [WARN] vault: Ansible playbook executed successfully
2025-10-28 05:18:23 [ERROR] gitlab: Deployment triggered from GitLab CI
2025-10-28 05:21:23 [DEBUG] mongodb: Docker image pulled successfully
2025-10-28 05:24:23 [INFO] nginx: Docker container stopped unexpectedly
2025-10-28 05:27:23 [WARN] jenkins: Vault token expired, re-authenticating
2025-10-28 05:30:23 [ERROR] tomcat: Disk usage exceeded 80% threshold
2025-10-28 05:33:23 [DEBUG] ansible: Memory utilization high, scaling instance
2025-10-28 05:36:23 [INFO] docker: New user added to Jenkins
2025-10-28 05:39:23 [WARN] vault: Configuration file updated
2025-10-28 05:42:23 [ERROR] gitlab: Backup completed successfully
2025-10-28 05:45:23 [DEBUG] mongodb: SSL certificate renewed
2025-10-28 05:48:23 [INFO] nginx: Service started successfully
2025-10-28 05:51:23 [WARN] jenkins: Restarting service due to config update
2025-10-28 05:54:23 [ERROR] tomcat: Connection refused: retrying in 5 seconds
2025-10-28 05:57:23 [DEBUG] ansible: Pipeline build succeeded
2025-10-28 06:00:23 [INFO] docker: Pipeline build failed: Missing Jenkinsfile
2025-10-28 06:03:23 [WARN] vault: Ansible playbook executed successfully
2025-10-28 06:06:23 [ERROR] gitlab: Deployment triggered from GitLab CI
2025-10-28 06:09:23 [DEBUG] mongodb: Docker image pulled successfully
2025-10-28 06:12:23 [INFO] nginx: Docker container stopped unexpectedly
2025-10-28 06:15:23 [WARN] jenkins: Vault token expired, re-authenticating
2025-10-28 06:18:23 [ERROR] tomcat: Disk usage exceeded 80% threshold
2025-10-28 06:21:23 [DEBUG] ansible: Memory utilization high, scaling instance
2025-10-28 06:24:23 [INFO] docker: New user added to Jenkins
2025-10-28 06:27:23 [WARN] vault: Configuration file updated
2025-10-28 06:30:23 [ERROR] gitlab: Backup completed successfully
2025-10-28 06:33:23 [DEBUG] mongodb: SSL certificate renewed
2025-10-28 06:36:23 [INFO] nginx: Service started successfully
2025-10-28 06:39:23 [WARN] jenkins: Restarting service due to config update
2025-10-28 06:42:23 [ERROR] tomcat: Connection refused: retrying in 5 seconds
2025-10-28 06:45:23 [DEBUG] ansible: Pipeline build succeeded
2025-10-28 06:48:23 [INFO] docker: Pipeline build failed: Missing Jenkinsfile
2025-10-28 06:51:23 [WARN] vault: Ansible playbook executed successfully
2025-10-28 06:54:23 [ERROR] gitlab: Deployment triggered from GitLab CI
2025-10-28 06:57:23 [DEBUG] mongodb: Docker image pulled successfully
2025-10-28 07:00:23 [INFO] nginx: Docker container stopped unexpectedly
2025-10-28 07:03:23 [WARN] jenkins: Vault token expired, re-authenticating
2025-10-28 07:06:23 [ERROR] tomcat: Disk usage exceeded 80% threshold
2025-10-28 07:09:23 [DEBUG] ansible: Memory utilization high, scaling instance
2025-10-28 07:12:23 [INFO] docker: New user added to Jenkins
2025-10-28 07:15:23 [WARN] vault: Configuration file updated
2025-10-28 07:18:23 [ERROR] gitlab: Backup completed successfully
2025-10-28 07:21:23 [DEBUG] mongodb: SSL certificate renewed
2025-10-28 07:24:23 [INFO] nginx: Service started successfully
2025-10-28 07:27:23 [WARN] jenkins: Restarting service due to config update
2025-10-28 07:30:23 [ERROR] tomcat: Connection refused: retrying in 5 seconds
2025-10-28 07:33:23 [DEBUG] ansible: Pipeline build succeeded
2025-10-28 07:36:23 [INFO] docker: Pipeline build failed: Missing Jenkinsfile
2025-10-28 07:39:23 [WARN] vault: Ansible playbook executed successfully
2025-10-28 07:42:23 [ERROR] gitlab: Deployment triggered from GitLab CI
2025-10-28 07:45:23 [DEBUG] mongodb: Docker image pulled successfully
2025-10-28 07:48:23 [INFO] nginx: Docker container stopped unexpectedly
2025-10-28 07:51:23 [WARN] jenkins: Vault token expired, re-authenticating
2025-10-28 07:54:23 [ERROR] tomcat: Disk usage exceeded 80% threshold
2025-10-28 07:57:23 [DEBUG] ansible: Memory utilization high, scaling instance
2025-10-28 08:00:23 [INFO] docker: New user added to Jenkins
2025-10-28 08:03:23 [WARN] vault: Configuration file updated
2025-10-28 08:06:23 [ERROR] gitlab: Backup completed successfully
2025-10-28 08:09:23 [DEBUG] mongodb: SSL certificate renewed
2025-10-28 08:12:23 [INFO] nginx: Service started successfully
2025-10-28 08:15:23 [WARN] jenkins: Restarting service due to config update
2025-10-28 08:18:23 [ERROR] tomcat: Connection refused: retrying in 5 seconds
2025-10-28 08:21:23 [DEBUG] ansible: Pipeline build succeeded
2025-10-28 08:24:23 [INFO] docker: Pipeline build failed: Missing Jenkinsfile
2025-10-28 08:27:23 [WARN] vault: Ansible playbook executed successfully
2025-10-28 08:30:23 [ERROR] gitlab: Deployment triggered from GitLab CI
2025-10-28 08:33:23 [DEBUG] mongodb: Docker image pulled successfully
2025-10-28 08:36:23 [INFO] nginx: Docker container stopped unexpectedly
2025-10-28 08:39:23 [WARN] jenkins: Vault token expired, re-authenticating
2025-10-28 08:42:23 [ERROR] tomcat: Disk usage exceeded 80% threshold
2025-10-28 08:45:23 [DEBUG] ansible: Memory utilization high, scaling instance
2025-10-28 08:48:23 [INFO] docker: New user added to Jenkins
2025-10-28 08:51:23 [WARN] vault: Configuration file updated
2025-10-28 08:54:23 [ERROR] gitlab: Backup completed successfully
2025-10-28 08:57:23 [DEBUG] mongodb: SSL certificate renewed
2025-10-28 09:00:23 [INFO] nginx: Service started successfully
2025-10-28 09:03:23 [WARN] jenkins: Restarting service due to config update
2025-10-28 09:06:23 [ERROR] tomcat: Connection refused: retrying in 5 seconds
2025-10-28 09:09:23 [DEBUG] ansible: Pipeline build succeeded
2025-10-28 09:12:23 [INFO] docker: Pipeline build failed: Missing Jenkinsfile
2025-10-28 09:15:23 [WARN] vault: Ansible playbook executed successfully
2025-10-28 09:18:23 [ERROR] gitlab: Deployment triggered from GitLab CI
2025-10-28 09:21:23 [DEBUG] mongodb: Docker image pulled successfully
2025-10-28 09:24:23 [INFO] nginx: Docker container stopped unexpectedly
2025-10-28 09:27:23 [WARN] jenkins: Vault token expired, re-authenticating
2025-10-28 09:30:23 [ERROR] tomcat: Disk usage exceeded 80% threshold
2025-10-28 09:33:23 [DEBUG] ansible: Memory utilization high, scaling instance
2025-10-28 09:36:23 [INFO] docker: New user added to Jenkins
2025-10-28 09:39:23 [WARN] vault: Configuration file updated
2025-10-28 09:42:23 [ERROR] gitlab: Backup completed successfully
2025-10-28 09:45:23 [DEBUG] mongodb: SSL certificate renewed
2025-10-28 09:48:23 [INFO] nginx: Service started successfully
2025-10-28 09:51:23 [WARN] jenkins: Restarting service due to config update
2025-10-28 09:54:23 [ERROR] tomcat: Connection refused: retrying in 5 seconds
2025-10-28 09:57:23 [DEBUG] ansible: Pipeline build succeeded
2025-10-28 10:00:23 [INFO] docker: Pipeline build failed: Missing Jenkinsfile
2025-10-28 10:03:23 [WARN] vault: Ansible playbook executed successfully
2025-10-28 10:06:23 [ERROR] gitlab: Deployment triggered from GitLab CI
2025-10-28 10:09:23 [DEBUG] mongodb: Docker image pulled successfully
2025-10-28 10:12:23 [INFO] nginx: Docker container stopped unexpectedly
2025-10-28 10:15:23 [WARN] jenkins: Vault token expired, re-authenticating
2025-10-28 10:18:23 [ERROR] tomcat: Disk usage exceeded 80% threshold
2025-10-28 10:21:23 [DEBUG] ansible: Memory utilization high, scaling instance
2025-10-28 10:24:23 [INFO] docker: New user added to Jenkins
2025-10-28 10:27:23 [WARN] vault: Configuration file updated
2025-10-28 10:30:23 [ERROR] gitlab: Backup completed successfully
2025-10-28 10:33:23 [DEBUG] mongodb: SSL certificate renewed
2025-10-28 10:36:23 [INFO] nginx: Service started successfully
2025-10-28 10:39:23 [WARN] jenkins: Restarting service due to config update
2025-10-28 10:42:23 [ERROR] tomcat: Connection refused: retrying in 5 seconds
2025-10-28 10:45:23 [DEBUG] ansible: Pipeline build succeeded
2025-10-28 10:48:23 [INFO] docker: Pipeline build failed: Missing Jenkinsfile
2025-10-28 10:51:23 [WARN] vault: Ansible playbook executed successfully
2025-10-28 10:54:23 [ERROR] gitlab: Deployment triggered from GitLab CI
2025-10-28 10:57:23 [DEBUG] mongodb: Docker image pulled successfully
2025-10-28 11:00:23 [INFO] nginx: Docker container stopped unexpectedly
2025-10-28 11:03:23 [WARN] jenkins: Vault token expired, re-authenticating
2025-10-28 11:06:23 [ERROR] tomcat: Disk usage exceeded 80% threshold
2025-10-28 11:09:23 [DEBUG] ansible: Memory utilization high, scaling instance
2025-10-28 11:12:23 [INFO] docker: New user added to Jenkins
2025-10-28 11:15:23 [WARN] vault: Configuration file updated
2025-10-28 11:18:23 [ERROR] gitlab: Backup completed successfully
2025-10-28 11:21:23 [DEBUG] mongodb: SSL certificate renewed
2025-10-28 11:24:23 [INFO] nginx: Service started successfully
2025-10-28 11:27:23 [WARN] jenkins: Restarting service due to config update
2025-10-28 11:30:23 [ERROR] tomcat: Connection refused: retrying in 5 seconds
2025-10-28 11:33:23 [DEBUG] ansible: Pipeline build succeeded
2025-10-28 11:36:23 [INFO] docker: Pipeline build failed: Missing Jenkinsfile
2025-10-28 11:39:23 [WARN] vault: Ansible playbook executed successfully
2025-10-28 11:42:23 [ERROR] gitlab: Deployment triggered from GitLab CI
2025-10-28 11:45:23 [DEBUG] mongodb: Docker image pulled successfully
2025-10-28 11:48:23 [INFO] nginx: Docker container stopped unexpectedly
2025-10-28 11:51:23 [WARN] jenkins: Vault token expired, re-authenticating
2025-10-28 11:54:23 [ERROR] tomcat: Disk usage exceeded 80% threshold
2025-10-28 11:57:23 [DEBUG] ansible: Memory utilization high, scaling instance
2025-10-28 12:00:23 [INFO] docker: New user added to Jenkins
2025-10-28 12:03:23 [WARN] vault: Configuration file updated
2025-10-28 12:06:23 [ERROR] gitlab: Backup completed successfully
2025-10-28 12:09:23 [DEBUG] mongodb: SSL certificate renewed
2025-10-28 12:12:23 [INFO] nginx: Service started successfully
2025-10-28 12:15:23 [WARN] jenkins: Restarting service due to config update
2025-10-28 12:18:23 [ERROR] tomcat: Connection refused: retrying in 5 seconds
2025-10-28 12:21:23 [DEBUG] ansible: Pipeline build succeeded
2025-10-28 12:24:23 [INFO] docker: Pipeline build failed: Missing Jenkinsfile
2025-10-28 12:27:23 [WARN] vault: Ansible playbook executed successfully
2025-10-28 12:30:23 [ERROR] gitlab: Deployment triggered from GitLab CI
2025-10-28 12:33:23 [DEBUG] mongodb: Docker image pulled successfully
2025-10-28 12:36:23 [INFO] nginx: Docker container stopped unexpectedly
2025-10-28 12:39:23 [WARN] jenkins: Vault token expired, re-authenticating
2025-10-28 12:42:23 [ERROR] tomcat: Disk usage exceeded 80% threshold
2025-10-28 12:45:23 [DEBUG] ansible: Memory utilization high, scaling instance
2025-10-28 12:48:23 [INFO] docker: New user added to Jenkins
2025-10-28 12:51:23 [WARN] vault: Configuration file updated
2025-10-28 12:54:23 [ERROR] gitlab: Backup completed successfully
2025-10-28 12:57:23 [DEBUG] mongodb: SSL certificate renewed
2025-10-28 13:00:23 [INFO] nginx: Service started successfully
2025-10-28 13:03:23 [WARN] jenkins: Restarting service due to config update
2025-10-28 13:06:23 [ERROR] tomcat: Connection refused: retrying in 5 seconds
2025-10-28 13:09:23 [DEBUG] ansible: Pipeline build succeeded
2025-10-28 13:12:23 [INFO] docker: Pipeline build failed: Missing Jenkinsfile
2025-10-28 13:15:23 [WARN] vault: Ansible playbook executed successfully
2025-10-28 13:18:23 [ERROR] gitlab: Deployment triggered from GitLab CI
2025-10-28 13:21:23 [DEBUG] mongodb: Docker image pulled successfully
2025-10-28 13:24:23 [INFO] nginx: Docker container stopped unexpectedly
2025-10-28 13:27:23 [WARN] jenkins: Vault token expired, re-authenticating
2025-10-28 13:30:23 [ERROR] tomcat: Disk usage exceeded 80% threshold
2025-10-28 13:33:23 [DEBUG] ansible: Memory utilization high, scaling instance
2025-10-28 13:36:23 [INFO] docker: New user added to Jenkins
2025-10-28 13:39:23 [WARN] vault: Configuration file updated
2025-10-28 13:42:23 [ERROR] gitlab: Backup completed successfully
2025-10-28 13:45:23 [DEBUG] mongodb: SSL certificate renewed
2025-10-28 13:48:23 [INFO] nginx: Service started successfully
2025-10-28 13:51:23 [WARN] jenkins: Restarting service due to config update
2025-10-28 13:54:23 [ERROR] tomcat: Connection refused: retrying in 5 seconds
2025-10-28 13:57:23 [DEBUG] ansible: Pipeline build succeeded
2025-10-28 14:00:23 [INFO] docker: Pipeline build failed: Missing Jenkinsfile
2025-10-28 14:03:23 [WARN] vault: Ansible playbook executed successfully
2025-10-28 14:06:23 [ERROR] gitlab: Deployment triggered from GitLab CI
2025-10-28 14:09:23 [DEBUG] mongodb: Docker image pulled successfully
2025-10-28 14:12:23 [INFO] nginx: Docker container stopped unexpectedly
2025-10-28 14:15:23 [WARN] jenkins: Vault token expired, re-authenticating
2025-10-28 14:18:23 [ERROR] tomcat: Disk usage exceeded 80% threshold
2025-10-28 14:21:23 [DEBUG] ansible: Memory utilization high, scaling instance
2025-10-28 14:24:23 [INFO] docker: New user added to Jenkins
2025-10-28 14:27:23 [WARN] vault: Configuration file updated
2025-10-28 14:30:23 [ERROR] gitlab: Backup completed successfully
2025-10-28 14:33:23 [DEBUG] mongodb: SSL certificate renewed
2025-10-28 14:36:23 [INFO] nginx: Service started successfully
2025-10-28 14:39:23 [WARN] jenkins: Restarting service due to config update
2025-10-28 14:42:23 [ERROR] tomcat: Connection refused: retrying in 5 seconds
2025-10-28 14:45:23 [DEBUG] ansible: Pipeline build succeeded
2025-10-28 14:48:23 [INFO] docker: Pipeline build failed: Missing Jenkinsfile
2025-10-28 14:51:23 [WARN] vault: Ansible playbook executed successfully
2025-10-28 14:54:23 [ERROR] gitlab: Deployment triggered from GitLab CI
2025-10-28 14:57:23 [DEBUG] mongodb: Docker image pulled successfully
2025-10-28 15:00:23 [INFO] nginx: Docker container stopped unexpectedly
2025-10-28 15:03:23 [WARN] jenkins: Vault token expired, re-authenticating
2025-10-28 15:06:23 [ERROR] tomcat: Disk usage exceeded 80% threshold
2025-10-28 15:09:23 [DEBUG] ansible: Memory utilization high, scaling instance
2025-10-28 15:12:23 [INFO] docker: New user added to Jenkins
2025-10-28 15:15:23 [WARN] vault: Configuration file updated
2025-10-28 15:18:23 [ERROR] gitlab: Backup completed successfully
2025-10-28 15:21:23 [DEBUG] mongodb: SSL certificate renewed
2025-10-28 15:24:23 [INFO] nginx: Service started successfully
2025-10-28 15:27:23 [WARN] jenkins: Restarting service due to config update
2025-10-28 15:30:23 [ERROR] tomcat: Connection refused: retrying in 5 seconds
2025-10-28 15:33:23 [DEBUG] ansible: Pipeline build succeeded
2025-10-28 15:36:23 [INFO] docker: Pipeline build failed: Missing Jenkinsfile
2025-10-28 15:39:23 [WARN] vault: Ansible playbook executed successfully
2025-10-28 15:42:23 [ERROR] gitlab: Deployment triggered from GitLab CI
2025-10-28 15:45:23 [DEBUG] mongodb: Docker image pulled successfully
2025-10-28 15:48:23 [INFO] nginx: Docker container stopped unexpectedly
2025-10-28 15:51:23 [WARN] jenkins: Vault token expired, re-authenticating
2025-10-28 15:54:23 [ERROR] tomcat: Disk usage exceeded 80% threshold
2025-10-28 15:57:23 [DEBUG] ansible: Memory utilization high, scaling instance
2025-10-28 16:00:23 [INFO] docker: New user added to Jenkins
2025-10-28 16:03:23 [WARN] vault: Configuration file updated
2025-10-28 16:06:23 [ERROR] gitlab: Backup completed successfully
2025-10-28 16:09:23 [DEBUG] mongodb: SSL certificate renewed
2025-10-28 16:12:23 [INFO] nginx: Service started successfully
2025-10-28 16:15:23 [WARN] jenkins: Restarting service due to config update
2025-10-28 16:18:23 [ERROR] tomcat: Connection refused: retrying in 5 seconds
2025-10-28 16:21:23 [DEBUG] ansible: Pipeline build succeeded
2025-10-28 16:24:23 [INFO] docker: Pipeline build failed: Missing Jenkinsfile
2025-10-28 16:27:23 [WARN] vault: Ansible playbook executed successfully
2025-10-28 16:30:23 [ERROR] gitlab: Deployment triggered from GitLab CI
2025-10-28 16:33:23 [DEBUG] mongodb: Docker image pulled successfully
2025-10-28 16:36:23 [INFO] nginx: Docker container stopped unexpectedly
2025-10-28 16:39:23 [WARN] jenkins: Vault token expired, re-authenticating
2025-10-28 16:42:23 [ERROR] tomcat: Disk usage exceeded 80% threshold
2025-10-28 16:45:23 [DEBUG] ansible: Memory utilization high, scaling instance
2025-10-28 16:48:23 [INFO] docker: New user added to Jenkins
2025-10-28 16:51:23 [WARN] vault: Configuration file updated
2025-10-28 16:54:23 [ERROR] gitlab: Backup completed successfully
2025-10-28 16:57:23 [DEBUG] mongodb: SSL certificate renewed
2025-10-28 17:00:23 [INFO] nginx: Service started successfully
2025-10-28 17:03:23 [WARN] jenkins: Restarting service due to config update
2025-10-28 17:06:23 [ERROR] tomcat: Connection refused: retrying in 5 seconds
2025-10-28 17:09:23 [DEBUG] ansible: Pipeline build succeeded
2025-10-28 17:12:23 [INFO] docker: Pipeline build failed: Missing Jenkinsfile
2025-10-28 17:15:23 [WARN] vault: Ansible playbook executed successfully
2025-10-28 17:18:23 [ERROR] gitlab: Deployment triggered from GitLab CI
2025-10-28 17:21:23 [DEBUG] mongodb: Docker image pulled successfully
2025-10-28 17:24:23 [INFO] nginx: Docker container stopped unexpectedly
2025-10-28 17:27:23 [WARN] jenkins: Vault token expired, re-authenticating
2025-10-28 17:30:23 [ERROR] tomcat: Disk usage exceeded 80% threshold
2025-10-28 17:33:23 [DEBUG] ansible: Memory utilization high, scaling instance
2025-10-28 17:36:23 [INFO] docker: New user added to Jenkins
2025-10-28 17:39:23 [WARN] vault: Configuration file updated
2025-10-28 17:42:23 [ERROR] gitlab: Backup completed successfully
2025-10-28 17:45:23 [DEBUG] mongodb: SSL certificate renewed
2025-10-28 17:48:23 [INFO] nginx: Service started successfully
2025-10-28 17:51:23 [WARN] jenkins: Restarting service due to config update
2025-10-28 17:54:23 [ERROR] tomcat: Connection refused: retrying in 5 seconds
2025-10-28 17:57:23 [DEBUG] ansible: Pipeline build succeeded
2025-10-28 18:00:23 [INFO] docker: Pipeline build failed: Missing Jenkinsfile
2025-10-28 18:03:23 [WARN] vault: Ansible playbook executed successfully
2025-10-28 18:06:23 [ERROR] gitlab: Deployment triggered from GitLab CI
2025-10-28 18:09:23 [DEBUG] mongodb: Docker image pulled successfully
2025-10-28 18:12:23 [INFO] nginx: Docker container stopped unexpectedly
2025-10-28 18:15:23 [WARN] jenkins: Vault token expired, re-authenticating
2025-10-28 18:18:23 [ERROR] tomcat: Disk usage exceeded 80% threshold
2025-10-28 18:21:23 [DEBUG] ansible: Memory utilization high, scaling instance
2025-10-28 18:24:23 [INFO] docker: New user added to Jenkins
2025-10-28 18:27:23 [WARN] vault: Configuration file updated
2025-10-28 18:30:23 [ERROR] gitlab: Backup completed successfully
2025-10-28 18:33:23 [DEBUG] mongodb: SSL certificate renewed
2025-10-28 18:36:23 [INFO] nginx: Service started successfully
2025-10-28 18:39:23 [WARN] jenkins: Restarting service due to config update
2025-10-28 18:42:23 [ERROR] tomcat: Connection refused: retrying in 5 seconds
2025-10-28 18:45:23 [DEBUG] ansible: Pipeline build succeeded
2025-10-28 18:48:23 [INFO] docker: Pipeline build failed: Missing Jenkinsfile
2025-10-28 18:51:23 [WARN] vault: Ansible playbook executed successfully
2025-10-28 18:54:23 [ERROR] gitlab: Deployment triggered from GitLab CI
2025-10-28 18:57:23 [DEBUG] mongodb: Docker image pulled successfully
2025-10-28 19:00:23 [INFO] nginx: Docker container stopped unexpectedly
2025-10-28 19:03:23 [WARN] jenkins: Vault token expired, re-authenticating
2025-10-28 19:06:23 [ERROR] tomcat: Disk usage exceeded 80% threshold
2025-10-28 19:09:23 [DEBUG] ansible: Memory utilization high, scaling instance
2025-10-28 19:12:23 [INFO] docker: New user added to Jenkins
2025-10-28 19:15:23 [WARN] vault: Configuration file updated
2025-10-28 19:18:23 [ERROR] gitlab: Backup completed successfully
2025-10-28 19:21:23 [DEBUG] mongodb: SSL certificate renewed
2025-10-28 19:24:23 [INFO] nginx: Service started successfully
2025-10-28 19:27:23 [WARN] jenkins: Restarting service due to config update
2025-10-28 19:30:23 [ERROR] tomcat: Connection refused: retrying in 5 seconds
2025-10-28 19:33:23 [DEBUG] ansible: Pipeline build succeeded
2025-10-28 19:36:23 [INFO] docker: Pipeline build failed: Missing Jenkinsfile
2025-10-28 19:39:23 [WARN] vault: Ansible playbook executed successfully
2025-10-28 19:42:23 [ERROR] gitlab: Deployment triggered from GitLab CI
2025-10-28 19:45:23 [DEBUG] mongodb: Docker image pulled successfully
2025-10-28 19:48:23 [INFO] nginx: Docker container stopped unexpectedly
2025-10-28 19:51:23 [WARN] jenkins: Vault token expired, re-authenticating
2025-10-28 19:54:23 [ERROR] tomcat: Disk usage exceeded 80% threshold
2025-10-28 19:57:23 [DEBUG] ansible: Memory utilization high, scaling instance
2025-10-28 20:00:23 [INFO] docker: New user added to Jenkins
2025-10-28 20:03:23 [WARN] vault: Configuration file updated
2025-10-28 20:06:23 [ERROR] gitlab: Backup completed successfully
2025-10-28 20:09:23 [DEBUG] mongodb: SSL certificate renewed
2025-10-28 20:12:23 [INFO] nginx: Service started successfully
2025-10-28 20:15:23 [WARN] jenkins: Restarting service due to config update
2025-10-28 20:18:23 [ERROR] tomcat: Connection refused: retrying in 5 seconds
2025-10-28 20:21:23 [DEBUG] ansible: Pipeline build succeeded
2025-10-28 20:24:23 [INFO] docker: Pipeline build failed: Missing Jenkinsfile
2025-10-28 20:27:23 [WARN] vault: Ansible playbook executed successfully
2025-10-28 20:30:23 [ERROR] gitlab: Deployment triggered from GitLab CI
2025-10-28 20:33:23 [DEBUG] mongodb: Docker image pulled successfully
2025-10-28 20:36:23 [INFO] nginx: Docker container stopped unexpectedly
2025-10-28 20:39:23 [WARN] jenkins: Vault token expired, re-authenticating
2025-10-28 20:42:23 [ERROR] tomcat: Disk usage exceeded 80% threshold
2025-10-28 20:45:23 [DEBUG] ansible: Memory utilization high, scaling instance
2025-10-28 20:48:23 [INFO] docker: New user added to Jenkins
2025-10-28 20:51:23 [WARN] vault: Configuration file updated
2025-10-28 20:54:23 [ERROR] gitlab: Backup completed successfully
2025-10-28 20:57:23 [DEBUG] mongodb: SSL certificate renewed
2025-10-28 21:00:23 [INFO] nginx: Service started successfully
2025-10-28 21:03:23 [WARN] jenkins: Restarting service due to config update
2025-10-28 21:06:23 [ERROR] tomcat: Connection refused: retrying in 5 seconds
2025-10-28 21:09:23 [DEBUG] ansible: Pipeline build succeeded
2025-10-28 21:12:23 [INFO] docker: Pipeline build failed: Missing Jenkinsfile
2025-10-28 21:15:23 [WARN] vault: Ansible playbook executed successfully
2025-10-28 21:18:23 [ERROR] gitlab: Deployment triggered from GitLab CI
2025-10-28 21:21:23 [DEBUG] mongodb: Docker image pulled successfully
2025-10-28 21:24:23 [INFO] nginx: Docker container stopped unexpectedly
2025-10-28 21:27:23 [WARN] jenkins: Vault token expired, re-authenticating
2025-10-28 21:30:23 [ERROR] tomcat: Disk usage exceeded 80% threshold
2025-10-28 21:33:23 [DEBUG] ansible: Memory utilization high, scaling instance
2025-10-28 21:36:23 [INFO] docker: New user added to Jenkins
2025-10-28 21:39:23 [WARN] vault: Configuration file updated
2025-10-28 21:42:23 [ERROR] gitlab: Backup completed successfully
2025-10-28 21:45:23 [DEBUG] mongodb: SSL certificate renewed
2025-10-28 21:48:23 [INFO] nginx: Service started successfully
2025-10-28 21:51:23 [WARN] jenkins: Restarting service due to config update
2025-10-28 21:54:23 [ERROR] tomcat: Connection refused: retrying in 5 seconds
2025-10-28 21:57:23 [DEBUG] ansible: Pipeline build succeeded
2025-10-28 22:00:23 [INFO] docker: Pipeline build failed: Missing Jenkinsfile
2025-10-28 22:03:23 [WARN] vault: Ansible playbook executed successfully
2025-10-28 22:06:23 [ERROR] gitlab: Deployment triggered from GitLab CI
2025-10-28 22:09:23 [DEBUG] mongodb: Docker image pulled successfully
2025-10-28 22:12:23 [INFO] nginx: Docker container stopped unexpectedly
2025-10-28 22:15:23 [WARN] jenkins: Vault token expired, re-authenticating
2025-10-28 22:18:23 [ERROR] tomcat: Disk usage exceeded 80% threshold
2025-10-28 22:21:23 [DEBUG] ansible: Memory utilization high, scaling instance
2025-10-28 22:24:23 [INFO] docker: New user added to Jenkins
2025-10-28 22:27:23 [WARN] vault: Configuration file updated
2025-10-28 22:30:23 [ERROR] gitlab: Backup completed successfully
2025-10-28 22:33:23 [DEBUG] mongodb: SSL certificate renewed
2025-10-28 22:36:23 [INFO] nginx: Service started successfully
2025-10-28 22:39:23 [WARN] jenkins: Restarting service due to config update
2025-10-28 22:42:23 [ERROR] tomcat: Connection refused: retrying in 5 seconds
2025-10-28 22:45:23 [DEBUG] ansible: Pipeline build succeeded
2025-10-28 22:48:23 [INFO] docker: Pipeline build failed: Missing Jenkinsfile
2025-10-28 22:51:23 [WARN] vault: Ansible playbook executed successfully
2025-10-28 22:54:23 [ERROR] gitlab: Deployment triggered from GitLab CI
2025-10-28 22:57:23 [DEBUG] mongodb: Docker image pulled successfully
2025-10-28 23:00:23 [INFO] nginx: Docker container stopped unexpectedly
2025-10-28 23:03:23 [WARN] jenkins: Vault token expired, re-authenticating
2025-10-28 23:06:23 [ERROR] tomcat: Disk usage exceeded 80% threshold
2025-10-28 23:09:23 [DEBUG] ansible: Memory utilization high, scaling instance
2025-10-28 23:12:23 [INFO] docker: New user added to Jenkins
2025-10-28 23:15:23 [WARN] vault: Configuration file updated
2025-10-28 23:18:23 [ERROR] gitlab: Backup completed successfully
2025-10-28 23:21:23 [DEBUG] mongodb: SSL certificate renewed
2025-10-28 23:24:23 [INFO] nginx: Service started successfully
2025-10-28 23:27:23 [WARN] jenkins: Restarting service due to config update
2025-10-28 23:30:23 [ERROR] tomcat: Connection refused: retrying in 5 seconds
2025-10-28 23:33:23 [DEBUG] ansible: Pipeline build succeeded
2025-10-28 23:36:23 [INFO] docker: Pipeline build failed: Missing Jenkinsfile
2025-10-28 23:39:23 [WARN] vault: Ansible playbook executed successfully
2025-10-28 23:42:23 [ERROR] gitlab: Deployment triggered from GitLab CI
2025-10-28 23:45:23 [DEBUG] mongodb: Docker image pulled successfully
2025-10-28 23:48:23 [INFO] nginx: Docker container stopped unexpectedly
2025-10-28 23:51:23 [WARN] jenkins: Vault token expired, re-authenticating
2025-10-28 23:54:23 [ERROR] tomcat: Disk usage exceeded 80% threshold
2025-10-28 23:57:23 [DEBUG] ansible: Memory utilization high, scaling instance
2025-10-29 00:00:23 [INFO] docker: New user added to Jenkins
2025-10-29 00:03:23 [WARN] vault: Configuration file updated
2025-10-29 00:06:23 [ERROR] gitlab: Backup completed successfully
2025-10-29 00:09:23 [DEBUG] mongodb: SSL certificate renewed
2025-10-29 00:12:23 [INFO] nginx: Service started successfully
2025-10-29 00:15:23 [WARN] jenkins: Restarting service due to config update
2025-10-29 00:18:23 [ERROR] tomcat: Connection refused: retrying in 5 seconds
2025-10-29 00:21:23 [DEBUG] ansible: Pipeline build succeeded
2025-10-29 00:24:23 [INFO] docker: Pipeline build failed: Missing Jenkinsfile
2025-10-29 00:27:23 [WARN] vault: Ansible playbook executed successfully
2025-10-29 00:30:23 [ERROR] gitlab: Deployment triggered from GitLab CI
2025-10-29 00:33:23 [DEBUG] mongodb: Docker image pulled successfully
2025-10-29 00:36:23 [INFO] nginx: Docker container stopped unexpectedly
2025-10-29 00:39:23 [WARN] jenkins: Vault token expired, re-authenticating
2025-10-29 00:42:23 [ERROR] tomcat: Disk usage exceeded 80% threshold
2025-10-29 00:45:23 [DEBUG] ansible: Memory utilization high, scaling instance
2025-10-29 00:48:23 [INFO] docker: New user added to Jenkins
2025-10-29 00:51:23 [WARN] vault: Configuration file updated
2025-10-29 00:54:23 [ERROR] gitlab: Backup completed successfully
2025-10-29 00:57:23 [DEBUG] mongodb: SSL certificate renewed
2025-10-29 01:00:23 [INFO] nginx: Service started successfully
2025-10-29 01:03:23 [WARN] jenkins: Restarting service due to config update
2025-10-29 01:06:23 [ERROR] tomcat: Connection refused: retrying in 5 seconds
2025-10-29 01:09:23 [DEBUG] ansible: Pipeline build succeeded
2025-10-29 01:12:23 [INFO] docker: Pipeline build failed: Missing Jenkinsfile
2025-10-29 01:15:23 [WARN] vault: Ansible playbook executed successfully
2025-10-29 01:18:23 [ERROR] gitlab: Deployment triggered from GitLab CI
2025-10-29 01:21:23 [DEBUG] mongodb: Docker image pulled successfully
2025-10-29 01:24:23 [INFO] nginx: Docker container stopped unexpectedly
2025-10-29 01:27:23 [WARN] jenkins: Vault token expired, re-authenticating
2025-10-29 01:30:23 [ERROR] tomcat: Disk usage exceeded 80% threshold
2025-10-29 01:33:23 [DEBUG] ansible: Memory utilization high, scaling instance
2025-10-29 01:36:23 [INFO] docker: New user added to Jenkins
2025-10-29 01:39:23 [WARN] vault: Configuration file updated
2025-10-29 01:42:23 [ERROR] gitlab: Backup completed successfully
2025-10-29 01:45:23 [DEBUG] mongodb: SSL certificate renewed
2025-10-29 01:48:23 [INFO] nginx: Service started successfully
2025-10-29 01:51:23 [WARN] jenkins: Restarting service due to config update
2025-10-29 01:54:23 [ERROR] tomcat: Connection refused: retrying in 5 seconds
2025-10-29 01:57:23 [DEBUG] ansible: Pipeline build succeeded
2025-10-29 02:00:23 [INFO] docker: Pipeline build failed: Missing Jenkinsfile
2025-10-29 02:03:23 [WARN] vault: Ansible playbook executed successfully
2025-10-29 02:06:23 [ERROR] gitlab: Deployment triggered from GitLab CI
2025-10-29 02:09:23 [DEBUG] mongodb: Docker image pulled successfully
2025-10-29 02:12:23 [INFO] nginx: Docker container stopped unexpectedly
2025-10-29 02:15:23 [WARN] jenkins: Vault token expired, re-authenticating
2025-10-29 02:18:23 [ERROR] tomcat: Disk usage exceeded 80% threshold
2025-10-29 02:21:23 [DEBUG] ansible: Memory utilization high, scaling instance
2025-10-29 02:24:23 [INFO] docker: New user added to Jenkins
2025-10-29 02:27:23 [WARN] vault: Configuration file updated
2025-10-29 02:30:23 [ERROR] gitlab: Backup completed successfully
2025-10-29 02:33:23 [DEBUG] mongodb: SSL certificate renewed
2025-10-29 02:36:23 [INFO] nginx: Service started successfully
2025-10-29 02:39:23 [WARN] jenkins: Restarting service due to config update
2025-10-29 02:42:23 [ERROR] tomcat: Connection refused: retrying in 5 seconds
2025-10-29 02:45:23 [DEBUG] ansible: Pipeline build succeeded
2025-10-29 02:48:23 [INFO] docker: Pipeline build failed: Missing Jenkinsfile
2025-10-29 02:51:23 [WARN] vault: Ansible playbook executed successfully
2025-10-29 02:54:23 [ERROR] gitlab: Deployment triggered from GitLab CI
2025-10-29 02:57:23 [DEBUG] mongodb: Docker image pulled successfully
2025-10-29 03:00:23 [INFO] nginx: Docker container stopped unexpectedly
2025-10-29 03:03:23 [WARN] jenkins: Vault token expired, re-authenticating
2025-10-29 03:06:23 [ERROR] tomcat: Disk usage exceeded 80% threshold
2025-10-29 03:09:23 [DEBUG] ansible: Memory utilization high, scaling instance
2025-10-29 03:12:23 [INFO] docker: New user added to Jenkins
2025-10-29 03:15:23 [WARN] vault: Configuration file updated
2025-10-29 03:18:23 [ERROR] gitlab: Backup completed successfully
2025-10-29 03:21:23 [DEBUG] mongodb: SSL certificate renewed
2025-10-29 03:24:23 [INFO] nginx: Service started successfully
2025-10-29 03:27:23 [WARN] jenkins: Restarting service due to config update
2025-10-29 03:30:23 [ERROR] tomcat: Connection refused: retrying in 5 seconds
2025-10-29 03:33:23 [DEBUG] ansible: Pipeline build succeeded
2025-10-29 03:36:23 [INFO] docker: Pipeline build failed: Missing Jenkinsfile
2025-10-29 03:39:23 [WARN] vault: Ansible playbook executed successfully
2025-10-29 03:42:23 [ERROR] gitlab: Deployment triggered from GitLab CI
2025-10-29 03:45:23 [DEBUG] mongodb: Docker image pulled successfully
2025-10-29 03:48:23 [INFO] nginx: Docker container stopped unexpectedly
2025-10-29 03:51:23 [WARN] jenkins: Vault token expired, re-authenticating
2025-10-29 03:54:23 [ERROR] tomcat: Disk usage exceeded 80% threshold
2025-10-29 03:57:23 [DEBUG] ansible: Memory utilization high, scaling instance
2025-10-29 04:00:23 [INFO] docker: New user added to Jenkins
2025-10-29 04:03:23 [WARN] vault: Configuration file updated
2025-10-29 04:06:23 [ERROR] gitlab: Backup completed successfully
2025-10-29 04:09:23 [DEBUG] mongodb: SSL certificate renewed
2025-10-29 04:12:23 [INFO] nginx: Service started successfully
2025-10-29 04:15:23 [WARN] jenkins: Restarting service due to config update
2025-10-29 04:18:23 [ERROR] tomcat: Connection refused: retrying in 5 seconds
2025-10-29 04:21:23 [DEBUG] ansible: Pipeline build succeeded
2025-10-29 04:24:23 [INFO] docker: Pipeline build failed: Missing Jenkinsfile
2025-10-29 04:27:23 [WARN] vault: Ansible playbook executed successfully
2025-10-29 04:30:23 [ERROR] gitlab: Deployment triggered from GitLab CI
2025-10-29 04:33:23 [DEBUG] mongodb: Docker image pulled successfully
2025-10-29 04:36:23 [INFO] nginx: Docker container stopped unexpectedly
2025-10-29 04:39:23 [WARN] jenkins: Vault token expired, re-authenticating
2025-10-29 04:42:23 [ERROR] tomcat: Disk usage exceeded 80% threshold
2025-10-29 04:45:23 [DEBUG] ansible: Memory utilization high, scaling instance
2025-10-29 04:48:23 [INFO] docker: New user added to Jenkins
2025-10-29 04:51:23 [WARN] vault: Configuration file updated
2025-10-29 04:54:23 [ERROR] gitlab: Backup completed successfully
2025-10-29 04:57:23 [DEBUG] mongodb: SSL certificate renewed
2025-10-29 05:00:23 [INFO] nginx: Service started successfully
2025-10-29 05:03:23 [WARN] jenkins: Restarting service due to config update
2025-10-29 05:06:23 [ERROR] tomcat: Connection refused: retrying in 5 seconds
2025-10-29 05:09:23 [DEBUG] ansible: Pipeline build succeeded
2025-10-29 05:12:23 [INFO] docker: Pipeline build failed: Missing Jenkinsfile
2025-10-29 05:15:23 [WARN] vault: Ansible playbook executed successfully
2025-10-29 05:18:23 [ERROR] gitlab: Deployment triggered from GitLab CI
2025-10-29 05:21:23 [DEBUG] mongodb: Docker image pulled successfully
2025-10-29 05:24:23 [INFO] nginx: Docker container stopped unexpectedly
2025-10-29 05:27:23 [WARN] jenkins: Vault token expired, re-authenticating
2025-10-29 05:30:23 [ERROR] tomcat: Disk usage exceeded 80% threshold
2025-10-29 05:33:23 [DEBUG] ansible: Memory utilization high, scaling instance
2025-10-29 05:36:23 [INFO] docker: New user added to Jenkins
2025-10-29 05:39:23 [WARN] vault: Configuration file updated
2025-10-29 05:42:23 [ERROR] gitlab: Backup completed successfully
2025-10-29 05:45:23 [DEBUG] mongodb: SSL certificate renewed
2025-10-29 05:48:23 [INFO] nginx: Service started successfully
2025-10-29 05:51:23 [WARN] jenkins: Restarting service due to config update
2025-10-29 05:54:23 [ERROR] tomcat: Connection refused: retrying in 5 seconds
2025-10-29 05:57:23 [DEBUG] ansible: Pipeline build succeeded
2025-10-29 06:00:23 [INFO] docker: Pipeline build failed: Missing Jenkinsfile
2025-10-29 06:03:23 [WARN] vault: Ansible playbook executed successfully
2025-10-29 06:06:23 [ERROR] gitlab: Deployment triggered from GitLab CI
2025-10-29 06:09:23 [DEBUG] mongodb: Docker image pulled successfully
2025-10-29 06:12:23 [INFO] nginx: Docker container stopped unexpectedly
2025-10-29 06:15:23 [WARN] jenkins: Vault token expired, re-authenticating
2025-10-29 06:18:23 [ERROR] tomcat: Disk usage exceeded 80% threshold
2025-10-29 06:21:23 [DEBUG] ansible: Memory utilization high, scaling instance
2025-10-29 06:24:23 [INFO] docker: New user added to Jenkins
2025-10-29 06:27:23 [WARN] vault: Configuration file updated
2025-10-29 06:30:23 [ERROR] gitlab: Backup completed successfully
2025-10-29 06:33:23 [DEBUG] mongodb: SSL certificate renewed
2025-10-29 06:36:23 [INFO] nginx: Service started successfully
2025-10-29 06:39:23 [WARN] jenkins: Restarting service due to config update
2025-10-29 06:42:23 [ERROR] tomcat: Connection refused: retrying in 5 seconds
2025-10-29 06:45:23 [DEBUG] ansible: Pipeline build succeeded
2025-10-29 06:48:23 [INFO] docker: Pipeline build failed: Missing Jenkinsfile
2025-10-29 06:51:23 [WARN] vault: Ansible playbook executed successfully
2025-10-29 06:54:23 [ERROR] gitlab: Deployment triggered from GitLab CI
2025-10-29 06:57:23 [DEBUG] mongodb: Docker image pulled successfully
2025-10-29 07:00:23 [INFO] nginx: Docker container stopped unexpectedly
2025-10-29 07:03:23 [WARN] jenkins: Vault token expired, re-authenticating
2025-10-29 07:06:23 [ERROR] tomcat: Disk usage exceeded 80% threshold
2025-10-29 07:09:23 [DEBUG] ansible: Memory utilization high, scaling instance
2025-10-29 07:12:23 [INFO] docker: New user added to Jenkins
2025-10-29 07:15:23 [WARN] vault: Configuration file updated
2025-10-29 07:18:23 [ERROR] gitlab: Backup completed successfully
2025-10-29 07:21:23 [DEBUG] mongodb: SSL certificate renewed
2025-10-29 07:24:23 [INFO] nginx: Service started successfully
2025-10-29 07:27:23 [WARN] jenkins: Restarting service due to config update
2025-10-29 07:30:23 [ERROR] tomcat: Connection refused: retrying in 5 seconds
2025-10-29 07:33:23 [DEBUG] ansible: Pipeline build succeeded
2025-10-29 07:36:23 [INFO] docker: Pipeline build failed: Missing Jenkinsfile
2025-10-29 07:39:23 [WARN] vault: Ansible playbook executed successfully
2025-10-29 07:42:23 [ERROR] gitlab: Deployment triggered from GitLab CI
2025-10-29 07:45:23 [DEBUG] mongodb: Docker image pulled successfully
2025-10-29 07:48:23 [INFO] nginx: Docker container stopped unexpectedly
2025-10-29 07:51:23 [WARN] jenkins: Vault token expired, re-authenticating
2025-10-29 07:54:23 [ERROR] tomcat: Disk usage exceeded 80% threshold
2025-10-29 07:57:23 [DEBUG] ansible: Memory utilization high, scaling instance
2025-10-29 08:00:23 [INFO] docker: New user added to Jenkins
2025-10-29 08:03:23 [WARN] vault: Configuration file updated
2025-10-29 08:06:23 [ERROR] gitlab: Backup completed successfully
2025-10-29 08:09:23 [DEBUG] mongodb: SSL certificate renewed
2025-10-29 08:12:23 [INFO] nginx: Service started successfully
2025-10-29 08:15:23 [WARN] jenkins: Restarting service due to config update
2025-10-29 08:18:23 [ERROR] tomcat: Connection refused: retrying in 5 seconds
2025-10-29 08:21:23 [DEBUG] ansible: Pipeline build succeeded
2025-10-29 08:24:23 [INFO] docker: Pipeline build failed: Missing Jenkinsfile
2025-10-29 08:27:23 [WARN] vault: Ansible playbook executed successfully
2025-10-29 08:30:23 [ERROR] gitlab: Deployment triggered from GitLab CI
2025-10-29 08:33:23 [DEBUG] mongodb: Docker image pulled successfully
2025-10-29 08:36:23 [INFO] nginx: Docker container stopped unexpectedly
2025-10-29 08:39:23 [WARN] jenkins: Vault token expired, re-authenticating
2025-10-29 08:42:23 [ERROR] tomcat: Disk usage exceeded 80% threshold
2025-10-29 08:45:23 [DEBUG] ansible: Memory utilization high, scaling instance
2025-10-29 08:48:23 [INFO] docker: New user added to Jenkins
2025-10-29 08:51:23 [WARN] vault: Configuration file updated
2025-10-29 08:54:23 [ERROR] gitlab: Backup completed successfully
2025-10-29 08:57:23 [DEBUG] mongodb: SSL certificate renewed
2025-10-29 09:00:23 [INFO] nginx: Service started successfully
2025-10-29 09:03:23 [WARN] jenkins: Restarting service due to config update
2025-10-29 09:06:23 [ERROR] tomcat: Connection refused: retrying in 5 seconds
2025-10-29 09:09:23 [DEBUG] ansible: Pipeline build succeeded
2025-10-29 09:12:23 [INFO] docker: Pipeline build failed: Missing Jenkinsfile
2025-10-29 09:15:23 [WARN] vault: Ansible playbook executed successfully
2025-10-29 09:18:23 [ERROR] gitlab: Deployment triggered from GitLab CI
2025-10-29 09:21:23 [DEBUG] mongodb: Docker image pulled successfully
2025-10-29 09:24:23 [INFO] nginx: Docker container stopped unexpectedly
2025-10-29 09:27:23 [WARN] jenkins: Vault token expired, re-authenticating
2025-10-29 09:30:23 [ERROR] tomcat: Disk usage exceeded 80% threshold
2025-10-29 09:33:23 [DEBUG] ansible: Memory utilization high, scaling instance
2025-10-29 09:36:23 [INFO] docker: New user added to Jenkins
2025-10-29 09:39:23 [WARN] vault: Configuration file updated
2025-10-29 09:42:23 [ERROR] gitlab: Backup completed successfully
2025-10-29 09:45:23 [DEBUG] mongodb: SSL certificate renewed
2025-10-29 09:48:23 [INFO] nginx: Service started successfully
2025-10-29 09:51:23 [WARN] jenkins: Restarting service due to config update
2025-10-29 09:54:23 [ERROR] tomcat: Connection refused: retrying in 5 seconds
2025-10-29 09:57:23 [DEBUG] ansible: Pipeline build succeeded
2025-10-29 10:00:23 [INFO] docker: Pipeline build failed: Missing Jenkinsfile
2025-10-29 10:03:23 [WARN] vault: Ansible playbook executed successfully
2025-10-29 10:06:23 [ERROR] gitlab: Deployment triggered from GitLab CI
2025-10-29 10:09:23 [DEBUG] mongodb: Docker image pulled successfully
2025-10-29 10:12:23 [INFO] nginx: Docker container stopped unexpectedly
2025-10-29 10:15:23 [WARN] jenkins: Vault token expired, re-authenticating
2025-10-29 10:18:23 [ERROR] tomcat: Disk usage exceeded 80% threshold
2025-10-29 10:21:23 [DEBUG] ansible: Memory utilization high, scaling instance
2025-10-29 10:24:23 [INFO] docker: New user added to Jenkins
2025-10-29 10:27:23 [WARN] vault: Configuration file updated
2025-10-29 10:30:23 [ERROR] gitlab: Backup completed successfully
2025-10-29 10:33:23 [DEBUG] mongodb: SSL certificate renewed
2025-10-29 10:36:23 [INFO] nginx: Service started successfully
2025-10-29 10:39:23 [WARN] jenkins: Restarting service due to config update
2025-10-29 10:42:23 [ERROR] tomcat: Connection refused: retrying in 5 seconds
2025-10-29 10:45:23 [DEBUG] ansible: Pipeline build succeeded
2025-10-29 10:48:23 [INFO] docker: Pipeline build failed: Missing Jenkinsfile
2025-10-29 10:51:23 [WARN] vault: Ansible playbook executed successfully
2025-10-29 10:54:23 [ERROR] gitlab: Deployment triggered from GitLab CI
2025-10-29 10:57:23 [DEBUG] mongodb: Docker image pulled successfully
2025-10-29 11:00:23 [INFO] nginx: Docker container stopped unexpectedly
2025-10-29 11:03:23 [WARN] jenkins: Vault token expired, re-authenticating
2025-10-29 11:06:23 [ERROR] tomcat: Disk usage exceeded 80% threshold
2025-10-29 11:09:23 [DEBUG] ansible: Memory utilization high, scaling instance
2025-10-29 11:12:23 [INFO] docker: New user added to Jenkins
2025-10-29 11:15:23 [WARN] vault: Configuration file updated
2025-10-29 11:18:23 [ERROR] gitlab: Backup completed successfully
2025-10-29 11:21:23 [DEBUG] mongodb: SSL certificate renewed
2025-10-29 11:24:23 [INFO] nginx: Service started successfully
2025-10-29 11:27:23 [WARN] jenkins: Restarting service due to config update
2025-10-29 11:30:23 [ERROR] tomcat: Connection refused: retrying in 5 seconds
2025-10-29 11:33:23 [DEBUG] ansible: Pipeline build succeeded
2025-10-29 11:36:23 [INFO] docker: Pipeline build failed: Missing Jenkinsfile
2025-10-29 11:39:23 [WARN] vault: Ansible playbook executed successfully
2025-10-29 11:42:23 [ERROR] gitlab: Deployment triggered from GitLab CI
2025-10-29 11:45:23 [DEBUG] mongodb: Docker image pulled successfully